C:\USERS\JAMESINTERNET\JAMES_IRSC_FALL_2012\COP2334\HW_06\ASSIGN6\ASSIGN6\DEBUG\ASSIGN6.EXE.EMBED.MANIFEST
C:\USERS\JAMESINTERNET\JAMES_IRSC_FALL_2012\COP2334\HW_06\ASSIGN6\ASSIGN6\DEBUG\ASSIGN6.EXE.EMBED.MANIFEST.RES
C:\USERS\JAMESINTERNET\JAMES_IRSC_FALL_2012\COP2334\HW_06\ASSIGN6\ASSIGN6\DEBUG\ASSIGN6.EXE.INTERMEDIATE.MANIFEST
C:\Users\JamesInternet\JAMES_IRSC_FALL_2012\COP2334\HW_06\Assign6\Assign6\Debug\Assign6_manifest.rc
C:\Users\JamesInternet\JAMES_IRSC_FALL_2012\COP2334\HW_06\Assign6\Assign6\Debug\cl.command.1.tlog
C:\Users\JamesInternet\JAMES_IRSC_FALL_2012\COP2334\HW_06\Assign6\Assign6\Debug\CL.read.1.tlog
C:\Users\JamesInternet\JAMES_IRSC_FALL_2012\COP2334\HW_06\Assign6\Assign6\Debug\CL.write.1.tlog
C:\Users\JamesInternet\JAMES_IRSC_FALL_2012\COP2334\HW_06\Assign6\Assign6\Debug\link.6108.read.1.tlog
C:\Users\JamesInternet\JAMES_IRSC_FALL_2012\COP2334\HW_06\Assign6\Assign6\Debug\link.6108.write.1.tlog
C:\Users\JamesInternet\JAMES_IRSC_FALL_2012\COP2334\HW_06\Assign6\Assign6\Debug\link.6108-cvtres.read.1.tlog
C:\Users\JamesInternet\JAMES_IRSC_FALL_2012\COP2334\HW_06\Assign6\Assign6\Debug\link.6108-cvtres.write.1.tlog
C:\Users\JamesInternet\JAMES_IRSC_FALL_2012\COP2334\HW_06\Assign6\Assign6\Debug\link.command.1.tlog
C:\Users\JamesInternet\JAMES_IRSC_FALL_2012\COP2334\HW_06\Assign6\Assign6\Debug\link.read.1.tlog
C:\Users\JamesInternet\JAMES_IRSC_FALL_2012\COP2334\HW_06\Assign6\Assign6\Debug\link.write.1.tlog
C:\Users\JamesInternet\JAMES_IRSC_FALL_2012\COP2334\HW_06\Assign6\Assign6\Debug\link-cvtres.read.1.tlog
C:\Users\JamesInternet\JAMES_IRSC_FALL_2012\COP2334\HW_06\Assign6\Assign6\Debug\link-cvtres.write.1.tlog
C:\USERS\JAMESINTERNET\JAMES_IRSC_FALL_2012\COP2334\HW_06\ASSIGN6\ASSIGN6\DEBUG\MAIN.OBJ
C:\Users\JamesInternet\JAMES_IRSC_FALL_2012\COP2334\HW_06\Assign6\Assign6\Debug\mt.command.1.tlog
C:\Users\JamesInternet\JAMES_IRSC_FALL_2012\COP2334\HW_06\Assign6\Assign6\Debug\mt.read.1.tlog
C:\Users\JamesInternet\JAMES_IRSC_FALL_2012\COP2334\HW_06\Assign6\Assign6\Debug\mt.write.1.tlog
C:\Users\JamesInternet\JAMES_IRSC_FALL_2012\COP2334\HW_06\Assign6\Assign6\Debug\rc.command.1.tlog
C:\Users\JamesInternet\JAMES_IRSC_FALL_2012\COP2334\HW_06\Assign6\Assign6\Debug\rc.read.1.tlog
C:\Users\JamesInternet\JAMES_IRSC_FALL_2012\COP2334\HW_06\Assign6\Assign6\Debug\rc.write.1.tlog
C:\Users\JamesInternet\JAMES_IRSC_FALL_2012\COP2334\HW_06\Assign6\Assign6\Debug\vc100.idb
C:\USERS\JAMESINTERNET\JAMES_IRSC_FALL_2012\COP2334\HW_06\ASSIGN6\ASSIGN6\DEBUG\VC100.PDB
C:\USERS\JAMESINTERNET\JAMES_IRSC_FALL_2012\COP2334\HW_06\ASSIGN6\DEBUG\ASSIGN6.EXE
C:\USERS\JAMESINTERNET\JAMES_IRSC_FALL_2012\COP2334\HW_06\ASSIGN6\DEBUG\ASSIGN6.ILK
C:\USERS\JAMESINTERNET\JAMES_IRSC_FALL_2012\COP2334\HW_06\ASSIGN6\DEBUG\ASSIGN6.PDB
