Build started 18/10/2012 11:44:01 AM.
     1>Project "C:\Users\JamesInternet\JAMES_IRSC_FALL_2012\COP2334\HW_05\DayOfYear\DayOfYear\DayOfYear.vcxproj" on node 2 (build target(s)).
     1>InitializeBuildStatus:
         Creating "Debug\DayOfYear.unsuccessfulbuild" because "AlwaysCreate" was specified.
       ClCompile:
         C:\Program Files (x86)\Microsoft Visual Studio 10.0\VC\bin\CL.exe /c /ZI /nologo /W3 /WX- /Od /Oy- /D WIN32 /D _DEBUG /D _CONSOLE /D _UNICODE /D UNICODE /Gm /EHsc /RTC1 /MDd /GS /fp:precise /Zc:wchar_t /Zc:forScope /Fo"Debug\\" /Fd"Debug\vc100.pdb" /Gd /TP /analyze- /errorReport:prompt DayOfYear.cpp
         DayOfYear.cpp
       ManifestResourceCompile:
         All outputs are up-to-date.
       Link:
         C:\Program Files (x86)\Microsoft Visual Studio 10.0\VC\bin\link.exe /ERRORREPORT:PROMPT /OUT:"C:\Users\JamesInternet\JAMES_IRSC_FALL_2012\COP2334\HW_05\DayOfYear\Debug\DayOfYear.exe" /INCREMENTAL /NOLOGO kernel32.lib user32.lib gdi32.lib winspool.lib comdlg32.lib advapi32.lib shell32.lib ole32.lib oleaut32.lib uuid.lib odbc32.lib odbccp32.lib /MANIFEST /ManifestFile:"Debug\DayOfYear.exe.intermediate.manifest" /MANIFESTUAC:"level='asInvoker' uiAccess='false'" /DEBUG /PDB:"C:\Users\JamesInternet\JAMES_IRSC_FALL_2012\COP2334\HW_05\DayOfYear\Debug\DayOfYear.pdb" /SUBSYSTEM:CONSOLE /TLBID:1 /DYNAMICBASE /NXCOMPAT /IMPLIB:"C:\Users\JamesInternet\JAMES_IRSC_FALL_2012\COP2334\HW_05\DayOfYear\Debug\DayOfYear.lib" /MACHINE:X86 Debug\DayOfYear.exe.embed.manifest.res
         Debug\DayOfYear.obj
         Debug\main.obj
       Manifest:
         C:\Program Files (x86)\Microsoft SDKs\Windows\v7.0A\bin\mt.exe /nologo /verbose /out:"Debug\DayOfYear.exe.embed.manifest" /manifest Debug\DayOfYear.exe.intermediate.manifest
         All outputs are up-to-date.
       LinkEmbedManifest:
         All outputs are up-to-date.
         DayOfYear.vcxproj -> C:\Users\JamesInternet\JAMES_IRSC_FALL_2012\COP2334\HW_05\DayOfYear\Debug\DayOfYear.exe
       FinalizeBuildStatus:
         Deleting file "Debug\DayOfYear.unsuccessfulbuild".
         Touching "Debug\DayOfYear.lastbuildstate".
     1>Done Building Project "C:\Users\JamesInternet\JAMES_IRSC_FALL_2012\COP2334\HW_05\DayOfYear\DayOfYear\DayOfYear.vcxproj" (build target(s)).

Build succeeded.

Time Elapsed 00:00:07.04
