C:\Users\JamesInternet\JAMES_IRSC_FALL_2012\COP2334\HW_03\ConnectFourClass2\ConnectFourClass2\Debug\cl.command.1.tlog
C:\Users\JamesInternet\JAMES_IRSC_FALL_2012\COP2334\HW_03\ConnectFourClass2\ConnectFourClass2\Debug\CL.read.1.tlog
C:\Users\JamesInternet\JAMES_IRSC_FALL_2012\COP2334\HW_03\ConnectFourClass2\ConnectFourClass2\Debug\CL.write.1.tlog
C:\USERS\JAMESINTERNET\JAMES_IRSC_FALL_2012\COP2334\HW_03\CONNECTFOURCLASS2\CONNECTFOURCLASS2\DEBUG\CONNECTFOURCLASS2.EXE.EMBED.MANIFEST
C:\USERS\JAMESINTERNET\JAMES_IRSC_FALL_2012\COP2334\HW_03\CONNECTFOURCLASS2\CONNECTFOURCLASS2\DEBUG\CONNECTFOURCLASS2.EXE.EMBED.MANIFEST.RES
C:\USERS\JAMESINTERNET\JAMES_IRSC_FALL_2012\COP2334\HW_03\CONNECTFOURCLASS2\CONNECTFOURCLASS2\DEBUG\CONNECTFOURCLASS2.EXE.INTERMEDIATE.MANIFEST
C:\Users\JamesInternet\JAMES_IRSC_FALL_2012\COP2334\HW_03\ConnectFourClass2\ConnectFourClass2\Debug\ConnectFourClass2_manifest.rc
C:\Users\JamesInternet\JAMES_IRSC_FALL_2012\COP2334\HW_03\ConnectFourClass2\ConnectFourClass2\Debug\link.2800.read.1.tlog
C:\Users\JamesInternet\JAMES_IRSC_FALL_2012\COP2334\HW_03\ConnectFourClass2\ConnectFourClass2\Debug\link.2800.write.1.tlog
C:\Users\JamesInternet\JAMES_IRSC_FALL_2012\COP2334\HW_03\ConnectFourClass2\ConnectFourClass2\Debug\link.2800-cvtres.read.1.tlog
C:\Users\JamesInternet\JAMES_IRSC_FALL_2012\COP2334\HW_03\ConnectFourClass2\ConnectFourClass2\Debug\link.2800-cvtres.write.1.tlog
C:\Users\JamesInternet\JAMES_IRSC_FALL_2012\COP2334\HW_03\ConnectFourClass2\ConnectFourClass2\Debug\link.4024.read.1.tlog
C:\Users\JamesInternet\JAMES_IRSC_FALL_2012\COP2334\HW_03\ConnectFourClass2\ConnectFourClass2\Debug\link.4024.write.1.tlog
C:\Users\JamesInternet\JAMES_IRSC_FALL_2012\COP2334\HW_03\ConnectFourClass2\ConnectFourClass2\Debug\link.4024-cvtres.read.1.tlog
C:\Users\JamesInternet\JAMES_IRSC_FALL_2012\COP2334\HW_03\ConnectFourClass2\ConnectFourClass2\Debug\link.4024-cvtres.write.1.tlog
C:\Users\JamesInternet\JAMES_IRSC_FALL_2012\COP2334\HW_03\ConnectFourClass2\ConnectFourClass2\Debug\link.5056.read.1.tlog
C:\Users\JamesInternet\JAMES_IRSC_FALL_2012\COP2334\HW_03\ConnectFourClass2\ConnectFourClass2\Debug\link.5056.write.1.tlog
C:\Users\JamesInternet\JAMES_IRSC_FALL_2012\COP2334\HW_03\ConnectFourClass2\ConnectFourClass2\Debug\link.5056-cvtres.read.1.tlog
C:\Users\JamesInternet\JAMES_IRSC_FALL_2012\COP2334\HW_03\ConnectFourClass2\ConnectFourClass2\Debug\link.5056-cvtres.write.1.tlog
C:\Users\JamesInternet\JAMES_IRSC_FALL_2012\COP2334\HW_03\ConnectFourClass2\ConnectFourClass2\Debug\link.command.1.tlog
C:\Users\JamesInternet\JAMES_IRSC_FALL_2012\COP2334\HW_03\ConnectFourClass2\ConnectFourClass2\Debug\link.read.1.tlog
C:\Users\JamesInternet\JAMES_IRSC_FALL_2012\COP2334\HW_03\ConnectFourClass2\ConnectFourClass2\Debug\link.write.1.tlog
C:\Users\JamesInternet\JAMES_IRSC_FALL_2012\COP2334\HW_03\ConnectFourClass2\ConnectFourClass2\Debug\link-cvtres.read.1.tlog
C:\Users\JamesInternet\JAMES_IRSC_FALL_2012\COP2334\HW_03\ConnectFourClass2\ConnectFourClass2\Debug\link-cvtres.write.1.tlog
C:\USERS\JAMESINTERNET\JAMES_IRSC_FALL_2012\COP2334\HW_03\CONNECTFOURCLASS2\CONNECTFOURCLASS2\DEBUG\MAIN.OBJ
C:\Users\JamesInternet\JAMES_IRSC_FALL_2012\COP2334\HW_03\ConnectFourClass2\ConnectFourClass2\Debug\mt.command.1.tlog
C:\Users\JamesInternet\JAMES_IRSC_FALL_2012\COP2334\HW_03\ConnectFourClass2\ConnectFourClass2\Debug\mt.read.1.tlog
C:\Users\JamesInternet\JAMES_IRSC_FALL_2012\COP2334\HW_03\ConnectFourClass2\ConnectFourClass2\Debug\mt.write.1.tlog
C:\Users\JamesInternet\JAMES_IRSC_FALL_2012\COP2334\HW_03\ConnectFourClass2\ConnectFourClass2\Debug\rc.command.1.tlog
C:\Users\JamesInternet\JAMES_IRSC_FALL_2012\COP2334\HW_03\ConnectFourClass2\ConnectFourClass2\Debug\rc.read.1.tlog
C:\Users\JamesInternet\JAMES_IRSC_FALL_2012\COP2334\HW_03\ConnectFourClass2\ConnectFourClass2\Debug\rc.write.1.tlog
C:\Users\JamesInternet\JAMES_IRSC_FALL_2012\COP2334\HW_03\ConnectFourClass2\ConnectFourClass2\Debug\vc100.idb
C:\USERS\JAMESINTERNET\JAMES_IRSC_FALL_2012\COP2334\HW_03\CONNECTFOURCLASS2\CONNECTFOURCLASS2\DEBUG\VC100.PDB
C:\USERS\JAMESINTERNET\JAMES_IRSC_FALL_2012\COP2334\HW_03\CONNECTFOURCLASS2\DEBUG\CONNECTFOURCLASS2.EXE
C:\USERS\JAMESINTERNET\JAMES_IRSC_FALL_2012\COP2334\HW_03\CONNECTFOURCLASS2\DEBUG\CONNECTFOURCLASS2.ILK
C:\USERS\JAMESINTERNET\JAMES_IRSC_FALL_2012\COP2334\HW_03\CONNECTFOURCLASS2\DEBUG\CONNECTFOURCLASS2.PDB
