Build started 11/10/2012 11:51:47 AM.
     1>Project "C:\Users\JamesInternet\JAMES_IRSC_FALL_2012\COP2334\HW_04\connectFour3Solution\connectFour3\connectFour3.vcxproj" on node 2 (build target(s)).
     1>InitializeBuildStatus:
         Creating "Debug\connectFour3.unsuccessfulbuild" because "AlwaysCreate" was specified.
       ClCompile:
         C:\Program Files (x86)\Microsoft Visual Studio 10.0\VC\bin\CL.exe /c /ZI /nologo /W3 /WX- /Od /Oy- /D WIN32 /D _DEBUG /D _CONSOLE /D _UNICODE /D UNICODE /Gm /EHsc /RTC1 /MDd /GS /fp:precise /Zc:wchar_t /Zc:forScope /Fo"Debug\\" /Fd"Debug\vc100.pdb" /Gd /TP /analyze- /errorReport:prompt main.cpp
         main.cpp
     1>c:\users\jamesinternet\james_irsc_fall_2012\cop2334\hw_04\connectfour3solution\connectfour3\main.cpp(437): warning C4996: 'localtime': This function or variable may be unsafe. Consider using localtime_s instead. To disable deprecation, use _CRT_SECURE_NO_WARNINGS. See online help for details.
                 c:\program files (x86)\microsoft visual studio 10.0\vc\include\time.inl(112) : see declaration of 'localtime'
     1>c:\users\jamesinternet\james_irsc_fall_2012\cop2334\hw_04\connectfour3solution\connectfour3\main.cpp(442): warning C4996: 'strncpy': This function or variable may be unsafe. Consider using strncpy_s instead. To disable deprecation, use _CRT_SECURE_NO_WARNINGS. See online help for details.
                 c:\program files (x86)\microsoft visual studio 10.0\vc\include\string.h(188) : see declaration of 'strncpy'
     1>c:\users\jamesinternet\james_irsc_fall_2012\cop2334\hw_04\connectfour3solution\connectfour3\main.cpp(495): warning C4996: 'strncpy': This function or variable may be unsafe. Consider using strncpy_s instead. To disable deprecation, use _CRT_SECURE_NO_WARNINGS. See online help for details.
                 c:\program files (x86)\microsoft visual studio 10.0\vc\include\string.h(188) : see declaration of 'strncpy'
     1>c:\users\jamesinternet\james_irsc_fall_2012\cop2334\hw_04\connectfour3solution\connectfour3\main.cpp(500): warning C4996: 'strncpy': This function or variable may be unsafe. Consider using strncpy_s instead. To disable deprecation, use _CRT_SECURE_NO_WARNINGS. See online help for details.
                 c:\program files (x86)\microsoft visual studio 10.0\vc\include\string.h(188) : see declaration of 'strncpy'
     1>c:\users\jamesinternet\james_irsc_fall_2012\cop2334\hw_04\connectfour3solution\connectfour3\main.cpp(505): warning C4996: 'strncpy': This function or variable may be unsafe. Consider using strncpy_s instead. To disable deprecation, use _CRT_SECURE_NO_WARNINGS. See online help for details.
                 c:\program files (x86)\microsoft visual studio 10.0\vc\include\string.h(188) : see declaration of 'strncpy'
       ManifestResourceCompile:
         All outputs are up-to-date.
       Link:
         C:\Program Files (x86)\Microsoft Visual Studio 10.0\VC\bin\link.exe /ERRORREPORT:PROMPT /OUT:"C:\Users\JamesInternet\JAMES_IRSC_FALL_2012\COP2334\HW_04\connectFour3Solution\Debug\connectFour3.exe" /INCREMENTAL /NOLOGO kernel32.lib user32.lib gdi32.lib winspool.lib comdlg32.lib advapi32.lib shell32.lib ole32.lib oleaut32.lib uuid.lib odbc32.lib odbccp32.lib /MANIFEST /ManifestFile:"Debug\connectFour3.exe.intermediate.manifest" /MANIFESTUAC:"level='asInvoker' uiAccess='false'" /DEBUG /PDB:"C:\Users\JamesInternet\JAMES_IRSC_FALL_2012\COP2334\HW_04\connectFour3Solution\Debug\connectFour3.pdb" /SUBSYSTEM:CONSOLE /TLBID:1 /DYNAMICBASE /NXCOMPAT /IMPLIB:"C:\Users\JamesInternet\JAMES_IRSC_FALL_2012\COP2334\HW_04\connectFour3Solution\Debug\connectFour3.lib" /MACHINE:X86 Debug\connectFour3.exe.embed.manifest.res
         Debug\main.obj
       Manifest:
         C:\Program Files (x86)\Microsoft SDKs\Windows\v7.0A\bin\mt.exe /nologo /verbose /out:"Debug\connectFour3.exe.embed.manifest" /manifest Debug\connectFour3.exe.intermediate.manifest
         All outputs are up-to-date.
       LinkEmbedManifest:
         All outputs are up-to-date.
         connectFour3.vcxproj -> C:\Users\JamesInternet\JAMES_IRSC_FALL_2012\COP2334\HW_04\connectFour3Solution\Debug\connectFour3.exe
       FinalizeBuildStatus:
         Deleting file "Debug\connectFour3.unsuccessfulbuild".
         Touching "Debug\connectFour3.lastbuildstate".
     1>Done Building Project "C:\Users\JamesInternet\JAMES_IRSC_FALL_2012\COP2334\HW_04\connectFour3Solution\connectFour3\connectFour3.vcxproj" (build target(s)).

Build succeeded.

Time Elapsed 00:00:03.30
