C:\Users\JamesInternet\JAMES_IRSC_FALL_2012\COP2334\HW_04\connectFour3Solution\connectFour3\Debug\cl.command.1.tlog
C:\Users\JamesInternet\JAMES_IRSC_FALL_2012\COP2334\HW_04\connectFour3Solution\connectFour3\Debug\CL.read.1.tlog
C:\Users\JamesInternet\JAMES_IRSC_FALL_2012\COP2334\HW_04\connectFour3Solution\connectFour3\Debug\CL.write.1.tlog
C:\USERS\JAMESINTERNET\JAMES_IRSC_FALL_2012\COP2334\HW_04\CONNECTFOUR3SOLUTION\CONNECTFOUR3\DEBUG\CONNECTFOUR3.EXE.EMBED.MANIFEST
C:\USERS\JAMESINTERNET\JAMES_IRSC_FALL_2012\COP2334\HW_04\CONNECTFOUR3SOLUTION\CONNECTFOUR3\DEBUG\CONNECTFOUR3.EXE.EMBED.MANIFEST.RES
C:\USERS\JAMESINTERNET\JAMES_IRSC_FALL_2012\COP2334\HW_04\CONNECTFOUR3SOLUTION\CONNECTFOUR3\DEBUG\CONNECTFOUR3.EXE.INTERMEDIATE.MANIFEST
C:\Users\JamesInternet\JAMES_IRSC_FALL_2012\COP2334\HW_04\connectFour3Solution\connectFour3\Debug\connectFour3_manifest.rc
C:\Users\JamesInternet\JAMES_IRSC_FALL_2012\COP2334\HW_04\connectFour3Solution\connectFour3\Debug\link.4528.read.1.tlog
C:\Users\JamesInternet\JAMES_IRSC_FALL_2012\COP2334\HW_04\connectFour3Solution\connectFour3\Debug\link.4528.write.1.tlog
C:\Users\JamesInternet\JAMES_IRSC_FALL_2012\COP2334\HW_04\connectFour3Solution\connectFour3\Debug\link.4528-cvtres.read.1.tlog
C:\Users\JamesInternet\JAMES_IRSC_FALL_2012\COP2334\HW_04\connectFour3Solution\connectFour3\Debug\link.4528-cvtres.write.1.tlog
C:\Users\JamesInternet\JAMES_IRSC_FALL_2012\COP2334\HW_04\connectFour3Solution\connectFour3\Debug\link.command.1.tlog
C:\Users\JamesInternet\JAMES_IRSC_FALL_2012\COP2334\HW_04\connectFour3Solution\connectFour3\Debug\link.read.1.tlog
C:\Users\JamesInternet\JAMES_IRSC_FALL_2012\COP2334\HW_04\connectFour3Solution\connectFour3\Debug\link.write.1.tlog
C:\Users\JamesInternet\JAMES_IRSC_FALL_2012\COP2334\HW_04\connectFour3Solution\connectFour3\Debug\link-cvtres.read.1.tlog
C:\Users\JamesInternet\JAMES_IRSC_FALL_2012\COP2334\HW_04\connectFour3Solution\connectFour3\Debug\link-cvtres.write.1.tlog
C:\USERS\JAMESINTERNET\JAMES_IRSC_FALL_2012\COP2334\HW_04\CONNECTFOUR3SOLUTION\CONNECTFOUR3\DEBUG\MAIN.OBJ
C:\Users\JamesInternet\JAMES_IRSC_FALL_2012\COP2334\HW_04\connectFour3Solution\connectFour3\Debug\mt.command.1.tlog
C:\Users\JamesInternet\JAMES_IRSC_FALL_2012\COP2334\HW_04\connectFour3Solution\connectFour3\Debug\mt.read.1.tlog
C:\Users\JamesInternet\JAMES_IRSC_FALL_2012\COP2334\HW_04\connectFour3Solution\connectFour3\Debug\mt.write.1.tlog
C:\Users\JamesInternet\JAMES_IRSC_FALL_2012\COP2334\HW_04\connectFour3Solution\connectFour3\Debug\rc.command.1.tlog
C:\Users\JamesInternet\JAMES_IRSC_FALL_2012\COP2334\HW_04\connectFour3Solution\connectFour3\Debug\rc.read.1.tlog
C:\Users\JamesInternet\JAMES_IRSC_FALL_2012\COP2334\HW_04\connectFour3Solution\connectFour3\Debug\rc.write.1.tlog
C:\Users\JamesInternet\JAMES_IRSC_FALL_2012\COP2334\HW_04\connectFour3Solution\connectFour3\Debug\vc100.idb
C:\USERS\JAMESINTERNET\JAMES_IRSC_FALL_2012\COP2334\HW_04\CONNECTFOUR3SOLUTION\CONNECTFOUR3\DEBUG\VC100.PDB
C:\USERS\JAMESINTERNET\JAMES_IRSC_FALL_2012\COP2334\HW_04\CONNECTFOUR3SOLUTION\DEBUG\CONNECTFOUR3.EXE
C:\USERS\JAMESINTERNET\JAMES_IRSC_FALL_2012\COP2334\HW_04\CONNECTFOUR3SOLUTION\DEBUG\CONNECTFOUR3.ILK
C:\USERS\JAMESINTERNET\JAMES_IRSC_FALL_2012\COP2334\HW_04\CONNECTFOUR3SOLUTION\DEBUG\CONNECTFOUR3.PDB
